2022-07-04 10:18:52,031 [Worker-1: Loading available Gradle versions] INFO  o.e.b.c.i.u.g.PublishedGradleVersions - Gradle version information cache is up-to-date. Trying to read.
2022-07-04 10:22:30,088 [Worker-7: Import Getting Started Content] INFO  o.e.m.c.i.l.LifecycleMappingFactory - Using org.eclipse.m2e.jdt.JarLifecycleMapping lifecycle mapping for MavenProject: com.crescendodigital:crescendodigital:0.0.1-SNAPSHOT @ C:\Curso JAVA\javaspring\crescendodigital\pom.xml.
2022-07-04 10:22:32,568 [Worker-7: Import Getting Started Content] INFO  o.e.m.j.i.AbstractJavaProjectConfigurator - Adding source folder /crescendodigital/src/main/java
2022-07-04 10:22:32,569 [Worker-7: Import Getting Started Content] INFO  o.e.m.j.i.AbstractJavaProjectConfigurator - Adding resource folder /crescendodigital/src/main/resources
2022-07-04 10:22:32,579 [Worker-7: Import Getting Started Content] INFO  o.e.m.j.i.AbstractJavaProjectConfigurator - Adding resource folder /crescendodigital/src/main/resources
2022-07-04 10:22:32,589 [Worker-7: Import Getting Started Content] INFO  o.e.m.j.i.AbstractJavaProjectConfigurator - Adding source folder /crescendodigital/src/test/java
2022-07-04 10:22:33,223 [Worker-7: Import Getting Started Content] INFO  o.e.m.c.i.p.ProjectConfigurationManager - Imported and configured 1 project(s) in 4 sec
2022-07-04 10:22:33,227 [Worker-7: Import Getting Started Content] INFO  o.e.m.c.i.p.ProjectConfigurationManager - Update started
2022-07-04 10:22:33,771 [Worker-7: Import Getting Started Content] INFO  o.e.m.c.i.l.LifecycleMappingFactory - Using org.eclipse.m2e.jdt.JarLifecycleMapping lifecycle mapping for MavenProject: com.crescendodigital:crescendodigital:0.0.1-SNAPSHOT @ C:\Curso JAVA\javaspring\crescendodigital\pom.xml.
2022-07-04 10:22:34,930 [Worker-7: Import Getting Started Content] INFO  o.e.m.j.i.AbstractJavaProjectConfigurator - Adding source folder /crescendodigital/src/main/java
2022-07-04 10:22:34,931 [Worker-7: Import Getting Started Content] INFO  o.e.m.j.i.AbstractJavaProjectConfigurator - Adding resource folder /crescendodigital/src/main/resources
2022-07-04 10:22:34,932 [Worker-7: Import Getting Started Content] INFO  o.e.m.j.i.AbstractJavaProjectConfigurator - Adding resource folder /crescendodigital/src/main/resources
2022-07-04 10:22:34,937 [Worker-7: Import Getting Started Content] INFO  o.e.m.j.i.AbstractJavaProjectConfigurator - Adding source folder /crescendodigital/src/test/java
2022-07-04 10:22:35,230 [Worker-7: Import Getting Started Content] INFO  o.e.m.c.i.p.ProjectConfigurationManager - Update completed: 2 sec
2022-07-04 10:22:40,211 [Worker-11: Building workspace] INFO  o.e.m.c.i.embedder.EclipseLogger - Using 'UTF-8' encoding to copy filtered resources.
2022-07-04 10:22:40,211 [Worker-11: Building workspace] INFO  o.e.m.c.i.embedder.EclipseLogger - Using 'UTF-8' encoding to copy filtered properties files.
2022-07-04 10:22:40,216 [Worker-11: Building workspace] INFO  o.e.m.c.i.embedder.EclipseLogger - Copying 1 resource
2022-07-04 10:22:40,239 [Worker-11: Building workspace] INFO  o.e.m.c.i.embedder.EclipseLogger - Copying 0 resource
2022-07-04 10:22:40,243 [Worker-11: Building workspace] INFO  o.e.m.c.i.embedder.EclipseLogger - Using 'UTF-8' encoding to copy filtered resources.
2022-07-04 10:22:40,243 [Worker-11: Building workspace] INFO  o.e.m.c.i.embedder.EclipseLogger - Using 'UTF-8' encoding to copy filtered properties files.
2022-07-04 10:22:40,243 [Worker-11: Building workspace] INFO  o.e.m.c.i.embedder.EclipseLogger - skip non existing resourceDirectory C:\Curso JAVA\javaspring\crescendodigital\src\test\resources
2022-07-04 10:22:42,106 [Worker-15: Building workspace] INFO  o.e.m.c.i.embedder.EclipseLogger - Using 'UTF-8' encoding to copy filtered resources.
2022-07-04 10:22:42,106 [Worker-15: Building workspace] INFO  o.e.m.c.i.embedder.EclipseLogger - Using 'UTF-8' encoding to copy filtered properties files.
2022-07-04 10:22:42,107 [Worker-15: Building workspace] INFO  o.e.m.c.i.embedder.EclipseLogger - Copying 0 resource
2022-07-04 10:22:42,107 [Worker-15: Building workspace] INFO  o.e.m.c.i.embedder.EclipseLogger - Copying 0 resource
2022-07-04 10:22:42,110 [Worker-15: Building workspace] INFO  o.e.m.c.i.embedder.EclipseLogger - Using 'UTF-8' encoding to copy filtered resources.
2022-07-04 10:22:42,110 [Worker-15: Building workspace] INFO  o.e.m.c.i.embedder.EclipseLogger - Using 'UTF-8' encoding to copy filtered properties files.
2022-07-04 10:22:42,110 [Worker-15: Building workspace] INFO  o.e.m.c.i.embedder.EclipseLogger - skip non existing resourceDirectory C:\Curso JAVA\javaspring\crescendodigital\src\test\resources
2022-07-04 10:22:46,050 [main] INFO  o.e.m2e.actions.ExecutePomAction - Creating new launch configuration
2022-07-04 10:22:58,351 [Worker-11: Launching crescendodigital] INFO  o.e.m.i.launch.MavenLaunchDelegate - C:\Curso JAVA\javaspring\crescendodigital
2022-07-04 10:22:58,353 [Worker-11: Launching crescendodigital] INFO  o.e.m.i.launch.MavenLaunchDelegate -  mvn -Ppom.xml -B -s C:\Users\Rivaldo\.m2\settings.xml mvn -U clean install -Dstyle.color=always
2022-07-04 10:23:11,242 [Worker-13: Updating Maven Project] INFO  o.e.m.c.i.p.ProjectConfigurationManager - Update started
2022-07-04 10:23:11,733 [Worker-13: Updating Maven Project] INFO  o.e.m.c.i.l.LifecycleMappingFactory - Using org.eclipse.m2e.jdt.JarLifecycleMapping lifecycle mapping for MavenProject: com.crescendodigital:crescendodigital:0.0.1-SNAPSHOT @ C:\Curso JAVA\javaspring\crescendodigital\pom.xml.
2022-07-04 10:23:16,319 [Worker-13: Updating Maven Project] INFO  o.e.m.c.i.e.AbstractTransferListenerAdapter - Downloading http://nexus.mvfor.local/repository/maven-public/org/postgresql/postgresql/42.3.6/postgresql-42.3.6.pom
2022-07-04 10:23:16,390 [Worker-13: Updating Maven Project] INFO  o.e.m.c.i.e.AbstractTransferListenerAdapter - Downloaded http://nexus.mvfor.local/repository/maven-public/org/postgresql/postgresql/42.3.6/postgresql-42.3.6.pom
2022-07-04 10:23:20,178 [Worker-13: Updating Maven Project] INFO  o.e.m.c.i.e.AbstractTransferListenerAdapter - Downloading http://nexus.mvfor.local/repository/maven-public/org/postgresql/postgresql/42.3.6/postgresql-42.3.6.jar
2022-07-04 10:23:22,403 [Worker-13: Updating Maven Project] INFO  o.e.m.c.i.e.AbstractTransferListenerAdapter - Downloaded http://nexus.mvfor.local/repository/maven-public/org/postgresql/postgresql/42.3.6/postgresql-42.3.6.jar
2022-07-04 10:23:23,081 [Worker-13: Updating Maven Project] INFO  o.e.m.c.i.l.LifecycleMappingFactory - Using org.eclipse.m2e.jdt.JarLifecycleMapping lifecycle mapping for MavenProject: com.crescendodigital:crescendodigital:0.0.1-SNAPSHOT @ C:\Curso JAVA\javaspring\crescendodigital\pom.xml.
2022-07-04 10:23:23,612 [Worker-13: Updating Maven Project] INFO  o.e.m.j.i.AbstractJavaProjectConfigurator - Adding source folder /crescendodigital/src/main/java
2022-07-04 10:23:23,612 [Worker-13: Updating Maven Project] INFO  o.e.m.j.i.AbstractJavaProjectConfigurator - Adding resource folder /crescendodigital/src/main/resources
2022-07-04 10:23:23,613 [Worker-13: Updating Maven Project] INFO  o.e.m.j.i.AbstractJavaProjectConfigurator - Adding resource folder /crescendodigital/src/main/resources
2022-07-04 10:23:23,613 [Worker-13: Updating Maven Project] INFO  o.e.m.j.i.AbstractJavaProjectConfigurator - Adding source folder /crescendodigital/src/test/java
2022-07-04 10:23:23,920 [Worker-13: Updating Maven Project] INFO  o.e.m.c.i.p.ProjectConfigurationManager - Update completed: 12 sec
2022-07-04 10:23:25,326 [Worker-15: Building workspace] INFO  o.e.m.c.i.embedder.EclipseLogger - Using 'UTF-8' encoding to copy filtered resources.
2022-07-04 10:23:25,326 [Worker-15: Building workspace] INFO  o.e.m.c.i.embedder.EclipseLogger - Using 'UTF-8' encoding to copy filtered properties files.
2022-07-04 10:23:25,327 [Worker-15: Building workspace] INFO  o.e.m.c.i.embedder.EclipseLogger - Copying 1 resource
2022-07-04 10:23:25,352 [Worker-15: Building workspace] INFO  o.e.m.c.i.embedder.EclipseLogger - Copying 0 resource
2022-07-04 10:23:25,357 [Worker-15: Building workspace] INFO  o.e.m.c.i.embedder.EclipseLogger - Using 'UTF-8' encoding to copy filtered resources.
2022-07-04 10:23:25,357 [Worker-15: Building workspace] INFO  o.e.m.c.i.embedder.EclipseLogger - Using 'UTF-8' encoding to copy filtered properties files.
2022-07-04 10:23:25,357 [Worker-15: Building workspace] INFO  o.e.m.c.i.embedder.EclipseLogger - skip non existing resourceDirectory C:\Curso JAVA\javaspring\crescendodigital\src\test\resources
2022-07-04 10:23:52,761 [Worker-7: Launching Executing install in C__Curso JAVA_javaspring_crescendodigital] INFO  o.e.m.i.launch.MavenLaunchDelegate - C:\Curso JAVA\javaspring\crescendodigital
2022-07-04 10:23:52,761 [Worker-7: Launching Executing install in C__Curso JAVA_javaspring_crescendodigital] INFO  o.e.m.i.launch.MavenLaunchDelegate -  mvn -Ppom.xml -B -s C:\Users\Rivaldo\.m2\settings.xml install -Dstyle.color=always
2022-07-04 10:24:08,379 [Worker-10: Building workspace] INFO  o.e.m.c.i.embedder.EclipseLogger - Using 'UTF-8' encoding to copy filtered resources.
2022-07-04 10:24:08,379 [Worker-10: Building workspace] INFO  o.e.m.c.i.embedder.EclipseLogger - Using 'UTF-8' encoding to copy filtered properties files.
2022-07-04 10:24:08,382 [Worker-10: Building workspace] INFO  o.e.m.c.i.embedder.EclipseLogger - Copying 1 resource
2022-07-04 10:24:08,389 [Worker-10: Building workspace] INFO  o.e.m.c.i.embedder.EclipseLogger - Copying 0 resource
2022-07-04 10:24:08,391 [Worker-10: Building workspace] INFO  o.e.m.c.i.embedder.EclipseLogger - Using 'UTF-8' encoding to copy filtered resources.
2022-07-04 10:24:08,392 [Worker-10: Building workspace] INFO  o.e.m.c.i.embedder.EclipseLogger - Using 'UTF-8' encoding to copy filtered properties files.
2022-07-04 10:24:08,392 [Worker-10: Building workspace] INFO  o.e.m.c.i.embedder.EclipseLogger - skip non existing resourceDirectory C:\Curso JAVA\javaspring\crescendodigital\src\test\resources
2022-07-04 10:24:14,504 [Worker-12: Building workspace] INFO  o.e.m.c.i.embedder.EclipseLogger - Using 'UTF-8' encoding to copy filtered resources.
2022-07-04 10:24:14,504 [Worker-12: Building workspace] INFO  o.e.m.c.i.embedder.EclipseLogger - Using 'UTF-8' encoding to copy filtered properties files.
2022-07-04 10:24:14,506 [Worker-12: Building workspace] INFO  o.e.m.c.i.embedder.EclipseLogger - Copying 1 resource
2022-07-04 10:24:14,508 [Worker-12: Building workspace] INFO  o.e.m.c.i.embedder.EclipseLogger - Copying 0 resource
2022-07-04 10:24:14,513 [Worker-12: Building workspace] INFO  o.e.m.c.i.embedder.EclipseLogger - Using 'UTF-8' encoding to copy filtered resources.
2022-07-04 10:24:14,513 [Worker-12: Building workspace] INFO  o.e.m.c.i.embedder.EclipseLogger - Using 'UTF-8' encoding to copy filtered properties files.
2022-07-04 10:24:14,513 [Worker-12: Building workspace] INFO  o.e.m.c.i.embedder.EclipseLogger - skip non existing resourceDirectory C:\Curso JAVA\javaspring\crescendodigital\src\test\resources
2022-07-04 10:24:30,291 [Worker-14: Launching Executing install in C__Curso JAVA_javaspring_crescendodigital] INFO  o.e.m.i.launch.MavenLaunchDelegate - C:\Curso JAVA\javaspring\crescendodigital
2022-07-04 10:24:30,291 [Worker-14: Launching Executing install in C__Curso JAVA_javaspring_crescendodigital] INFO  o.e.m.i.launch.MavenLaunchDelegate -  mvn -Ppom.xml -B -s C:\Users\Rivaldo\.m2\settings.xml install -Dstyle.color=always
2022-07-04 10:24:30,291 [Worker-14: Launching Executing install in C__Curso JAVA_javaspring_crescendodigital] WARN  o.e.m.i.l.MavenLaunchExtensionsSupport - Unknown or unsupported source locator org.eclipse.jdt.internal.launching.sourcelookup.advanced.AdvancedSourceLookupDirector
2022-07-04 10:24:40,511 [Worker-3: Building workspace] INFO  o.e.m.c.i.embedder.EclipseLogger - Using 'UTF-8' encoding to copy filtered resources.
2022-07-04 10:24:40,511 [Worker-3: Building workspace] INFO  o.e.m.c.i.embedder.EclipseLogger - Using 'UTF-8' encoding to copy filtered properties files.
2022-07-04 10:24:40,511 [Worker-3: Building workspace] INFO  o.e.m.c.i.embedder.EclipseLogger - Copying 0 resource
2022-07-04 10:24:40,511 [Worker-3: Building workspace] INFO  o.e.m.c.i.embedder.EclipseLogger - Copying 0 resource
2022-07-04 10:24:40,514 [Worker-3: Building workspace] INFO  o.e.m.c.i.embedder.EclipseLogger - Using 'UTF-8' encoding to copy filtered resources.
2022-07-04 10:24:40,514 [Worker-3: Building workspace] INFO  o.e.m.c.i.embedder.EclipseLogger - Using 'UTF-8' encoding to copy filtered properties files.
2022-07-04 10:24:40,514 [Worker-3: Building workspace] INFO  o.e.m.c.i.embedder.EclipseLogger - skip non existing resourceDirectory C:\Curso JAVA\javaspring\crescendodigital\src\test\resources
2022-07-04 10:25:15,335 [Worker-14: Launching Executing clean in C__Curso JAVA_javaspring_crescendodigital] INFO  o.e.m.i.launch.MavenLaunchDelegate - C:\Curso JAVA\javaspring\crescendodigital
2022-07-04 10:25:15,335 [Worker-14: Launching Executing clean in C__Curso JAVA_javaspring_crescendodigital] INFO  o.e.m.i.launch.MavenLaunchDelegate -  mvn -Ppom.xml -B -s C:\Users\Rivaldo\.m2\settings.xml clean -Dstyle.color=always
2022-07-04 10:25:17,558 [Worker-10: Building workspace] INFO  o.e.m.c.i.embedder.EclipseLogger - Using 'UTF-8' encoding to copy filtered resources.
2022-07-04 10:25:17,558 [Worker-10: Building workspace] INFO  o.e.m.c.i.embedder.EclipseLogger - Using 'UTF-8' encoding to copy filtered properties files.
2022-07-04 10:25:17,559 [Worker-10: Building workspace] INFO  o.e.m.c.i.embedder.EclipseLogger - Copying 1 resource
2022-07-04 10:25:17,561 [Worker-10: Building workspace] INFO  o.e.m.c.i.embedder.EclipseLogger - Copying 0 resource
2022-07-04 10:25:17,563 [Worker-10: Building workspace] INFO  o.e.m.c.i.embedder.EclipseLogger - Using 'UTF-8' encoding to copy filtered resources.
2022-07-04 10:25:17,563 [Worker-10: Building workspace] INFO  o.e.m.c.i.embedder.EclipseLogger - Using 'UTF-8' encoding to copy filtered properties files.
2022-07-04 10:25:17,563 [Worker-10: Building workspace] INFO  o.e.m.c.i.embedder.EclipseLogger - skip non existing resourceDirectory C:\Curso JAVA\javaspring\crescendodigital\src\test\resources
2022-07-04 10:25:23,107 [Worker-12: Building workspace] INFO  o.e.m.c.i.embedder.EclipseLogger - Using 'UTF-8' encoding to copy filtered resources.
2022-07-04 10:25:23,107 [Worker-12: Building workspace] INFO  o.e.m.c.i.embedder.EclipseLogger - Using 'UTF-8' encoding to copy filtered properties files.
2022-07-04 10:25:23,107 [Worker-12: Building workspace] INFO  o.e.m.c.i.embedder.EclipseLogger - Copying 1 resource
2022-07-04 10:25:23,109 [Worker-12: Building workspace] INFO  o.e.m.c.i.embedder.EclipseLogger - Copying 0 resource
2022-07-04 10:25:23,112 [Worker-12: Building workspace] INFO  o.e.m.c.i.embedder.EclipseLogger - Using 'UTF-8' encoding to copy filtered resources.
2022-07-04 10:25:23,113 [Worker-12: Building workspace] INFO  o.e.m.c.i.embedder.EclipseLogger - Using 'UTF-8' encoding to copy filtered properties files.
2022-07-04 10:25:23,113 [Worker-12: Building workspace] INFO  o.e.m.c.i.embedder.EclipseLogger - skip non existing resourceDirectory C:\Curso JAVA\javaspring\crescendodigital\src\test\resources
2022-07-04 10:25:30,946 [Worker-16: Launching Executing install in C__Curso JAVA_javaspring_crescendodigital] INFO  o.e.m.i.launch.MavenLaunchDelegate - C:\Curso JAVA\javaspring\crescendodigital
2022-07-04 10:25:30,947 [Worker-16: Launching Executing install in C__Curso JAVA_javaspring_crescendodigital] INFO  o.e.m.i.launch.MavenLaunchDelegate -  mvn -Ppom.xml -B -s C:\Users\Rivaldo\.m2\settings.xml install -Dstyle.color=always
2022-07-04 10:25:39,799 [Worker-12: Building workspace] INFO  o.e.m.c.i.embedder.EclipseLogger - Using 'UTF-8' encoding to copy filtered resources.
2022-07-04 10:25:39,800 [Worker-12: Building workspace] INFO  o.e.m.c.i.embedder.EclipseLogger - Using 'UTF-8' encoding to copy filtered properties files.
2022-07-04 10:25:39,801 [Worker-12: Building workspace] INFO  o.e.m.c.i.embedder.EclipseLogger - Copying 1 resource
2022-07-04 10:25:39,820 [Worker-12: Building workspace] INFO  o.e.m.c.i.embedder.EclipseLogger - Copying 0 resource
2022-07-04 10:25:39,822 [Worker-12: Building workspace] INFO  o.e.m.c.i.embedder.EclipseLogger - Using 'UTF-8' encoding to copy filtered resources.
2022-07-04 10:25:39,823 [Worker-12: Building workspace] INFO  o.e.m.c.i.embedder.EclipseLogger - Using 'UTF-8' encoding to copy filtered properties files.
2022-07-04 10:25:39,823 [Worker-12: Building workspace] INFO  o.e.m.c.i.embedder.EclipseLogger - skip non existing resourceDirectory C:\Curso JAVA\javaspring\crescendodigital\src\test\resources
2022-07-04 10:25:53,342 [Worker-14: Updating Maven Project] INFO  o.e.m.c.i.p.ProjectConfigurationManager - Update started
2022-07-04 10:25:53,719 [Worker-14: Updating Maven Project] INFO  o.e.m.c.i.l.LifecycleMappingFactory - Using org.eclipse.m2e.jdt.JarLifecycleMapping lifecycle mapping for MavenProject: com.crescendodigital:crescendodigital:0.0.1-SNAPSHOT @ C:\Curso JAVA\javaspring\crescendodigital\pom.xml.
2022-07-04 10:25:54,250 [Worker-14: Updating Maven Project] INFO  o.e.m.j.i.AbstractJavaProjectConfigurator - Adding source folder /crescendodigital/src/main/java
2022-07-04 10:25:54,250 [Worker-14: Updating Maven Project] INFO  o.e.m.j.i.AbstractJavaProjectConfigurator - Adding resource folder /crescendodigital/src/main/resources
2022-07-04 10:25:54,251 [Worker-14: Updating Maven Project] INFO  o.e.m.j.i.AbstractJavaProjectConfigurator - Adding resource folder /crescendodigital/src/main/resources
2022-07-04 10:25:54,251 [Worker-14: Updating Maven Project] INFO  o.e.m.j.i.AbstractJavaProjectConfigurator - Adding source folder /crescendodigital/src/test/java
2022-07-04 10:25:54,406 [Worker-14: Updating Maven Project] INFO  o.e.m.c.i.p.ProjectConfigurationManager - Update completed: 1 sec
2022-07-04 10:25:55,117 [Worker-14: Building workspace] INFO  o.e.m.c.i.embedder.EclipseLogger - Using 'UTF-8' encoding to copy filtered resources.
2022-07-04 10:25:55,117 [Worker-14: Building workspace] INFO  o.e.m.c.i.embedder.EclipseLogger - Using 'UTF-8' encoding to copy filtered properties files.
2022-07-04 10:25:55,117 [Worker-14: Building workspace] INFO  o.e.m.c.i.embedder.EclipseLogger - Copying 1 resource
2022-07-04 10:25:55,130 [Worker-14: Building workspace] INFO  o.e.m.c.i.embedder.EclipseLogger - Copying 0 resource
2022-07-04 10:25:55,132 [Worker-14: Building workspace] INFO  o.e.m.c.i.embedder.EclipseLogger - Using 'UTF-8' encoding to copy filtered resources.
2022-07-04 10:25:55,133 [Worker-14: Building workspace] INFO  o.e.m.c.i.embedder.EclipseLogger - Using 'UTF-8' encoding to copy filtered properties files.
2022-07-04 10:25:55,133 [Worker-14: Building workspace] INFO  o.e.m.c.i.embedder.EclipseLogger - skip non existing resourceDirectory C:\Curso JAVA\javaspring\crescendodigital\src\test\resources
2022-07-04 10:27:10,424 [Worker-12: Launching Executing install in C__Curso JAVA_javaspring_crescendodigital] INFO  o.e.m.i.launch.MavenLaunchDelegate - C:\Curso JAVA\javaspring\crescendodigital
2022-07-04 10:27:10,424 [Worker-12: Launching Executing install in C__Curso JAVA_javaspring_crescendodigital] INFO  o.e.m.i.launch.MavenLaunchDelegate -  mvn -Ppom.xml -B -s C:\Users\Rivaldo\.m2\settings.xml install -Dstyle.color=always
2022-07-04 10:27:18,193 [Worker-14: Building workspace] INFO  o.e.m.c.i.embedder.EclipseLogger - Using 'UTF-8' encoding to copy filtered resources.
2022-07-04 10:27:18,193 [Worker-14: Building workspace] INFO  o.e.m.c.i.embedder.EclipseLogger - Using 'UTF-8' encoding to copy filtered properties files.
2022-07-04 10:27:18,194 [Worker-14: Building workspace] INFO  o.e.m.c.i.embedder.EclipseLogger - Copying 0 resource
2022-07-04 10:27:18,194 [Worker-14: Building workspace] INFO  o.e.m.c.i.embedder.EclipseLogger - Copying 0 resource
2022-07-04 10:27:18,196 [Worker-14: Building workspace] INFO  o.e.m.c.i.embedder.EclipseLogger - Using 'UTF-8' encoding to copy filtered resources.
2022-07-04 10:27:18,196 [Worker-14: Building workspace] INFO  o.e.m.c.i.embedder.EclipseLogger - Using 'UTF-8' encoding to copy filtered properties files.
2022-07-04 10:27:18,196 [Worker-14: Building workspace] INFO  o.e.m.c.i.embedder.EclipseLogger - skip non existing resourceDirectory C:\Curso JAVA\javaspring\crescendodigital\src\test\resources
2022-07-04 10:30:58,969 [Worker-12: Building workspace] INFO  o.e.m.c.i.l.LifecycleMappingFactory - Using org.eclipse.m2e.jdt.JarLifecycleMapping lifecycle mapping for MavenProject: com.crescendodigital:crescendodigital:0.0.1-SNAPSHOT @ C:\Curso JAVA\javaspring\crescendodigital\pom.xml.
2022-07-04 10:30:59,440 [Worker-12: Building workspace] INFO  o.e.m.c.i.embedder.EclipseLogger - Using 'UTF-8' encoding to copy filtered resources.
2022-07-04 10:30:59,441 [Worker-12: Building workspace] INFO  o.e.m.c.i.embedder.EclipseLogger - Using 'UTF-8' encoding to copy filtered properties files.
2022-07-04 10:30:59,445 [Worker-12: Building workspace] INFO  o.e.m.c.i.embedder.EclipseLogger - Copying 0 resource
2022-07-04 10:30:59,446 [Worker-12: Building workspace] INFO  o.e.m.c.i.embedder.EclipseLogger - Copying 0 resource
2022-07-04 10:30:59,449 [Worker-12: Building workspace] INFO  o.e.m.c.i.embedder.EclipseLogger - Using 'UTF-8' encoding to copy filtered resources.
2022-07-04 10:30:59,450 [Worker-12: Building workspace] INFO  o.e.m.c.i.embedder.EclipseLogger - Using 'UTF-8' encoding to copy filtered properties files.
2022-07-04 10:30:59,450 [Worker-12: Building workspace] INFO  o.e.m.c.i.embedder.EclipseLogger - skip non existing resourceDirectory C:\Curso JAVA\javaspring\crescendodigital\src\test\resources
2022-07-04 10:31:01,317 [Worker-12: Updating crescendodigital Sources] INFO  o.e.m.c.i.p.ProjectConfigurationManager - Update started
2022-07-04 10:31:01,860 [Worker-12: Updating crescendodigital Sources] INFO  o.e.m.c.i.l.LifecycleMappingFactory - Using org.eclipse.m2e.jdt.JarLifecycleMapping lifecycle mapping for MavenProject: com.crescendodigital:crescendodigital:0.0.1-SNAPSHOT @ C:\Curso JAVA\javaspring\crescendodigital\pom.xml.
2022-07-04 10:31:02,310 [Worker-12: Updating crescendodigital Sources] INFO  o.e.m.j.i.AbstractJavaProjectConfigurator - Adding source folder /crescendodigital/src/main/java
2022-07-04 10:31:02,310 [Worker-12: Updating crescendodigital Sources] INFO  o.e.m.j.i.AbstractJavaProjectConfigurator - Adding resource folder /crescendodigital/src/main/resources
2022-07-04 10:31:02,310 [Worker-12: Updating crescendodigital Sources] INFO  o.e.m.j.i.AbstractJavaProjectConfigurator - Adding resource folder /crescendodigital/src/main/resources
2022-07-04 10:31:02,310 [Worker-12: Updating crescendodigital Sources] INFO  o.e.m.j.i.AbstractJavaProjectConfigurator - Adding source folder /crescendodigital/src/test/java
2022-07-04 10:31:02,464 [Worker-12: Updating crescendodigital Sources] INFO  o.e.m.c.i.p.ProjectConfigurationManager - Update completed: 1 sec
2022-07-04 10:31:03,274 [Worker-19: Building workspace] INFO  o.e.m.c.i.embedder.EclipseLogger - Using 'UTF-8' encoding to copy filtered resources.
2022-07-04 10:31:03,274 [Worker-19: Building workspace] INFO  o.e.m.c.i.embedder.EclipseLogger - Using 'UTF-8' encoding to copy filtered properties files.
2022-07-04 10:31:03,275 [Worker-19: Building workspace] INFO  o.e.m.c.i.embedder.EclipseLogger - Copying 1 resource
2022-07-04 10:31:03,290 [Worker-19: Building workspace] INFO  o.e.m.c.i.embedder.EclipseLogger - Copying 0 resource
2022-07-04 10:31:03,293 [Worker-19: Building workspace] INFO  o.e.m.c.i.embedder.EclipseLogger - Using 'UTF-8' encoding to copy filtered resources.
2022-07-04 10:31:03,293 [Worker-19: Building workspace] INFO  o.e.m.c.i.embedder.EclipseLogger - Using 'UTF-8' encoding to copy filtered properties files.
2022-07-04 10:31:03,293 [Worker-19: Building workspace] INFO  o.e.m.c.i.embedder.EclipseLogger - skip non existing resourceDirectory C:\Curso JAVA\javaspring\crescendodigital\src\test\resources
2022-07-04 10:31:21,804 [Worker-19: Launching Executing install in C__Curso JAVA_javaspring_crescendodigital] INFO  o.e.m.i.launch.MavenLaunchDelegate - C:\Curso JAVA\javaspring\crescendodigital
2022-07-04 10:31:21,804 [Worker-19: Launching Executing install in C__Curso JAVA_javaspring_crescendodigital] INFO  o.e.m.i.launch.MavenLaunchDelegate -  mvn -B -s C:\Users\Rivaldo\.m2\settings.xml install -Dstyle.color=always
2022-07-04 10:31:29,520 [Worker-11: Building workspace] INFO  o.e.m.c.i.embedder.EclipseLogger - Using 'UTF-8' encoding to copy filtered resources.
2022-07-04 10:31:29,520 [Worker-11: Building workspace] INFO  o.e.m.c.i.embedder.EclipseLogger - Using 'UTF-8' encoding to copy filtered properties files.
2022-07-04 10:31:29,522 [Worker-11: Building workspace] INFO  o.e.m.c.i.embedder.EclipseLogger - Copying 0 resource
2022-07-04 10:31:29,522 [Worker-11: Building workspace] INFO  o.e.m.c.i.embedder.EclipseLogger - Copying 0 resource
2022-07-04 10:31:29,525 [Worker-11: Building workspace] INFO  o.e.m.c.i.embedder.EclipseLogger - Using 'UTF-8' encoding to copy filtered resources.
2022-07-04 10:31:29,525 [Worker-11: Building workspace] INFO  o.e.m.c.i.embedder.EclipseLogger - Using 'UTF-8' encoding to copy filtered properties files.
2022-07-04 10:31:29,525 [Worker-11: Building workspace] INFO  o.e.m.c.i.embedder.EclipseLogger - skip non existing resourceDirectory C:\Curso JAVA\javaspring\crescendodigital\src\test\resources
2022-07-04 10:32:08,940 [Worker-18: Building workspace] INFO  o.e.m.c.i.embedder.EclipseLogger - Using 'UTF-8' encoding to copy filtered resources.
2022-07-04 10:32:08,940 [Worker-18: Building workspace] INFO  o.e.m.c.i.embedder.EclipseLogger - Using 'UTF-8' encoding to copy filtered properties files.
2022-07-04 10:32:08,941 [Worker-18: Building workspace] INFO  o.e.m.c.i.embedder.EclipseLogger - Copying 1 resource
2022-07-04 10:32:08,943 [Worker-18: Building workspace] INFO  o.e.m.c.i.embedder.EclipseLogger - Copying 0 resource
2022-07-04 10:32:08,945 [Worker-18: Building workspace] INFO  o.e.m.c.i.embedder.EclipseLogger - Using 'UTF-8' encoding to copy filtered resources.
2022-07-04 10:32:08,946 [Worker-18: Building workspace] INFO  o.e.m.c.i.embedder.EclipseLogger - Using 'UTF-8' encoding to copy filtered properties files.
2022-07-04 10:32:08,946 [Worker-18: Building workspace] INFO  o.e.m.c.i.embedder.EclipseLogger - skip non existing resourceDirectory C:\Curso JAVA\javaspring\crescendodigital\src\test\resources
2022-07-04 10:49:37,550 [Worker-5: Loading available Gradle versions] INFO  o.e.b.c.i.u.g.PublishedGradleVersions - Gradle version information cache is up-to-date. Trying to read.
